<?xml version="1.0" encoding="UTF-8"?>
<testng-results ignored="0" total="1" passed="1" failed="0" skipped="0">
  <reporter-output>
  </reporter-output>
  <suite started-at="2022-11-15T19:18:42 IST" name="Default suite" finished-at="2022-11-15T19:21:12 IST" duration-ms="150577">
    <groups>
    </groups>
    <test started-at="2022-11-15T19:18:42 IST" name="Default test" finished-at="2022-11-15T19:21:12 IST" duration-ms="150577">
      <class name="pages.BaseClass">
        <test-method is-config="true" signature="setup()[pri:0, instance:pages.BaseClass@2e3967ea]" started-at="2022-11-15T19:18:42 IST" name="setup" finished-at="2022-11-15T19:21:12 IST" duration-ms="150513" status="PASS">
          <reporter-output>
          </reporter-output>
        </test-method> <!-- setup -->
        <test-method signature="demo()[pri:0, instance:pages.BaseClass@2e3967ea]" started-at="2022-11-15T19:21:12 IST" name="demo" finished-at="2022-11-15T19:21:12 IST" duration-ms="8" status="PASS">
          <reporter-output>
          </reporter-output>
        </test-method> <!-- demo -->
        <test-method is-config="true" signature="tearDown()[pri:0, instance:pages.BaseClass@2e3967ea]" started-at="2022-11-15T19:21:12 IST" name="tearDown" finished-at="2022-11-15T19:21:12 IST" duration-ms="0" status="PASS">
          <reporter-output>
          </reporter-output>
        </test-method> <!-- tearDown -->
      </class> <!-- pages.BaseClass -->
    </test> <!-- Default test -->
  </suite> <!-- Default suite -->
</testng-results>
